[12-Feb-2017 20:22:08 UTC] PHP Fatal error:  Call to undefined function Blog\CoreBundle\Controller\getDoctrine() in /home/ubuntu/workspace/symfony_project/src/Blog/CoreBundle/Controller/PostController.php on line 19
[12-Feb-2017 20:22:08 UTC] PHP Stack trace:
[12-Feb-2017 20:22:08 UTC] PHP   1. {main}() /home/ubuntu/workspace/symfony_project/web/app_dev.php:0
[12-Feb-2017 20:22:08 UTC] PHP   2. Symfony\Component\HttpKernel\Kernel->handle() /home/ubuntu/workspace/symfony_project/web/app_dev.php:28
[12-Feb-2017 20:22:08 UTC] PHP   3. Symfony\Component\HttpKernel\HttpKernel->handle() /home/ubuntu/workspace/symfony_project/vendor/symfony/symfony/src/Symfony/Component/HttpKernel/Kernel.php:168
[12-Feb-2017 20:22:08 UTC] PHP   4. Symfony\Component\HttpKernel\HttpKernel->handleRaw() /home/ubuntu/workspace/symfony_project/var/cache/dev/classes.php:4171
[12-Feb-2017 20:22:08 UTC] PHP   5. call_user_func_array:{/home/ubuntu/workspace/symfony_project/var/cache/dev/classes.php:4216}() /home/ubuntu/workspace/symfony_project/var/cache/dev/classes.php:4216
[12-Feb-2017 20:22:08 UTC] PHP   6. Blog\CoreBundle\Controller\PostController->indexAction() /home/ubuntu/workspace/symfony_project/var/cache/dev/classes.php:4216
[12-Feb-2017 20:22:30 UTC] PHP Fatal error:  Call to undefined function Blog\CoreBundle\Controller\getDoctrine() in /home/ubuntu/workspace/symfony_project/src/Blog/CoreBundle/Controller/PostController.php on line 19
[12-Feb-2017 20:22:30 UTC] PHP Stack trace:
[12-Feb-2017 20:22:30 UTC] PHP   1. {main}() /home/ubuntu/workspace/symfony_project/web/app_dev.php:0
[12-Feb-2017 20:22:30 UTC] PHP   2. Symfony\Component\HttpKernel\Kernel->handle() /home/ubuntu/workspace/symfony_project/web/app_dev.php:28
[12-Feb-2017 20:22:30 UTC] PHP   3. Symfony\Component\HttpKernel\HttpKernel->handle() /home/ubuntu/workspace/symfony_project/vendor/symfony/symfony/src/Symfony/Component/HttpKernel/Kernel.php:168
[12-Feb-2017 20:22:30 UTC] PHP   4. Symfony\Component\HttpKernel\HttpKernel->handleRaw() /home/ubuntu/workspace/symfony_project/var/cache/dev/classes.php:4171
[12-Feb-2017 20:22:30 UTC] PHP   5. call_user_func_array:{/home/ubuntu/workspace/symfony_project/var/cache/dev/classes.php:4216}() /home/ubuntu/workspace/symfony_project/var/cache/dev/classes.php:4216
[12-Feb-2017 20:22:30 UTC] PHP   6. Blog\CoreBundle\Controller\PostController->indexAction() /home/ubuntu/workspace/symfony_project/var/cache/dev/classes.php:4216
[12-Feb-2017 20:22:35 UTC] PHP Fatal error:  Call to undefined function Blog\CoreBundle\Controller\getDoctrine() in /home/ubuntu/workspace/symfony_project/src/Blog/CoreBundle/Controller/PostController.php on line 19
[12-Feb-2017 20:22:35 UTC] PHP Stack trace:
[12-Feb-2017 20:22:35 UTC] PHP   1. {main}() /home/ubuntu/workspace/symfony_project/web/app_dev.php:0
[12-Feb-2017 20:22:35 UTC] PHP   2. Symfony\Component\HttpKernel\Kernel->handle() /home/ubuntu/workspace/symfony_project/web/app_dev.php:28
[12-Feb-2017 20:22:35 UTC] PHP   3. Symfony\Component\HttpKernel\HttpKernel->handle() /home/ubuntu/workspace/symfony_project/vendor/symfony/symfony/src/Symfony/Component/HttpKernel/Kernel.php:168
[12-Feb-2017 20:22:35 UTC] PHP   4. Symfony\Component\HttpKernel\HttpKernel->handleRaw() /home/ubuntu/workspace/symfony_project/var/cache/dev/classes.php:4171
[12-Feb-2017 20:22:35 UTC] PHP   5. call_user_func_array:{/home/ubuntu/workspace/symfony_project/var/cache/dev/classes.php:4216}() /home/ubuntu/workspace/symfony_project/var/cache/dev/classes.php:4216
[12-Feb-2017 20:22:35 UTC] PHP   6. Blog\CoreBundle\Controller\PostController->indexAction() /home/ubuntu/workspace/symfony_project/var/cache/dev/classes.php:4216
[12-Feb-2017 20:22:47 UTC] PHP Fatal error:  Call to undefined function Blog\CoreBundle\Controller\getDoctrine() in /home/ubuntu/workspace/symfony_project/src/Blog/CoreBundle/Controller/PostController.php on line 19
[12-Feb-2017 20:22:47 UTC] PHP Stack trace:
[12-Feb-2017 20:22:47 UTC] PHP   1. {main}() /home/ubuntu/workspace/symfony_project/web/app.php:0
[12-Feb-2017 20:22:47 UTC] PHP   2. Symfony\Component\HttpKernel\Kernel->handle() /home/ubuntu/workspace/symfony_project/web/app.php:16
[12-Feb-2017 20:22:47 UTC] PHP   3. Symfony\Component\HttpKernel\HttpKernel->handle() /home/ubuntu/workspace/symfony_project/vendor/symfony/symfony/src/Symfony/Component/HttpKernel/Kernel.php:168
[12-Feb-2017 20:22:47 UTC] PHP   4. Symfony\Component\HttpKernel\HttpKernel->handleRaw() /home/ubuntu/workspace/symfony_project/var/cache/prod/classes.php:4599
[12-Feb-2017 20:22:47 UTC] PHP   5. call_user_func_array:{/home/ubuntu/workspace/symfony_project/var/cache/prod/classes.php:4644}() /home/ubuntu/workspace/symfony_project/var/cache/prod/classes.php:4644
[12-Feb-2017 20:22:47 UTC] PHP   6. Blog\CoreBundle\Controller\PostController->indexAction() /home/ubuntu/workspace/symfony_project/var/cache/prod/classes.php:4644
[12-Feb-2017 20:27:01 UTC] PHP Fatal error:  Call to undefined function Blog\CoreBundle\Controller\getDoctrine() in /home/ubuntu/workspace/symfony_project/src/Blog/CoreBundle/Controller/PostController.php on line 19
[12-Feb-2017 20:27:01 UTC] PHP Stack trace:
[12-Feb-2017 20:27:01 UTC] PHP   1. {main}() /home/ubuntu/workspace/symfony_project/web/app.php:0
[12-Feb-2017 20:27:01 UTC] PHP   2. Symfony\Component\HttpKernel\Kernel->handle() /home/ubuntu/workspace/symfony_project/web/app.php:16
[12-Feb-2017 20:27:01 UTC] PHP   3. Symfony\Component\HttpKernel\HttpKernel->handle() /home/ubuntu/workspace/symfony_project/vendor/symfony/symfony/src/Symfony/Component/HttpKernel/Kernel.php:168
[12-Feb-2017 20:27:01 UTC] PHP   4. Symfony\Component\HttpKernel\HttpKernel->handleRaw() /home/ubuntu/workspace/symfony_project/var/cache/prod/classes.php:4599
[12-Feb-2017 20:27:01 UTC] PHP   5. call_user_func_array:{/home/ubuntu/workspace/symfony_project/var/cache/prod/classes.php:4644}() /home/ubuntu/workspace/symfony_project/var/cache/prod/classes.php:4644
[12-Feb-2017 20:27:01 UTC] PHP   6. Blog\CoreBundle\Controller\PostController->indexAction() /home/ubuntu/workspace/symfony_project/var/cache/prod/classes.php:4644
[12-Feb-2017 20:27:13 UTC] PHP Fatal error:  Call to undefined function Blog\CoreBundle\Controller\getDoctrine() in /home/ubuntu/workspace/symfony_project/src/Blog/CoreBundle/Controller/PostController.php on line 19
[12-Feb-2017 20:27:13 UTC] PHP Stack trace:
[12-Feb-2017 20:27:13 UTC] PHP   1. {main}() /home/ubuntu/workspace/symfony_project/web/app.php:0
[12-Feb-2017 20:27:13 UTC] PHP   2. Symfony\Component\HttpKernel\Kernel->handle() /home/ubuntu/workspace/symfony_project/web/app.php:16
[12-Feb-2017 20:27:13 UTC] PHP   3. Symfony\Component\HttpKernel\HttpKernel->handle() /home/ubuntu/workspace/symfony_project/vendor/symfony/symfony/src/Symfony/Component/HttpKernel/Kernel.php:168
[12-Feb-2017 20:27:13 UTC] PHP   4. Symfony\Component\HttpKernel\HttpKernel->handleRaw() /home/ubuntu/workspace/symfony_project/var/cache/prod/classes.php:4599
[12-Feb-2017 20:27:13 UTC] PHP   5. call_user_func_array:{/home/ubuntu/workspace/symfony_project/var/cache/prod/classes.php:4644}() /home/ubuntu/workspace/symfony_project/var/cache/prod/classes.php:4644
[12-Feb-2017 20:27:13 UTC] PHP   6. Blog\CoreBundle\Controller\PostController->indexAction() /home/ubuntu/workspace/symfony_project/var/cache/prod/classes.php:4644
[12-Feb-2017 20:27:46 UTC] PHP Fatal error:  Call to undefined function Blog\CoreBundle\Controller\getDoctrine() in /home/ubuntu/workspace/symfony_project/src/Blog/CoreBundle/Controller/PostController.php on line 19
[12-Feb-2017 20:27:46 UTC] PHP Stack trace:
[12-Feb-2017 20:27:46 UTC] PHP   1. {main}() /home/ubuntu/workspace/symfony_project/web/app.php:0
[12-Feb-2017 20:27:46 UTC] PHP   2. Symfony\Component\HttpKernel\Kernel->handle() /home/ubuntu/workspace/symfony_project/web/app.php:16
[12-Feb-2017 20:27:46 UTC] PHP   3. Symfony\Component\HttpKernel\HttpKernel->handle() /home/ubuntu/workspace/symfony_project/vendor/symfony/symfony/src/Symfony/Component/HttpKernel/Kernel.php:168
[12-Feb-2017 20:27:46 UTC] PHP   4. Symfony\Component\HttpKernel\HttpKernel->handleRaw() /home/ubuntu/workspace/symfony_project/var/cache/prod/classes.php:4599
[12-Feb-2017 20:27:46 UTC] PHP   5. call_user_func_array:{/home/ubuntu/workspace/symfony_project/var/cache/prod/classes.php:4644}() /home/ubuntu/workspace/symfony_project/var/cache/prod/classes.php:4644
[12-Feb-2017 20:27:46 UTC] PHP   6. Blog\CoreBundle\Controller\PostController->indexAction() /home/ubuntu/workspace/symfony_project/var/cache/prod/classes.php:4644
[12-Feb-2017 20:32:14 UTC] PHP Fatal error:  Call to undefined function Blog\CoreBundle\Controller\getDoctrine() in /home/ubuntu/workspace/symfony_project/src/Blog/CoreBundle/Controller/PostController.php on line 19
[12-Feb-2017 20:32:14 UTC] PHP Stack trace:
[12-Feb-2017 20:32:14 UTC] PHP   1. {main}() /home/ubuntu/workspace/symfony_project/web/app.php:0
[12-Feb-2017 20:32:14 UTC] PHP   2. Symfony\Component\HttpKernel\Kernel->handle() /home/ubuntu/workspace/symfony_project/web/app.php:16
[12-Feb-2017 20:32:14 UTC] PHP   3. Symfony\Component\HttpKernel\HttpKernel->handle() /home/ubuntu/workspace/symfony_project/vendor/symfony/symfony/src/Symfony/Component/HttpKernel/Kernel.php:168
[12-Feb-2017 20:32:14 UTC] PHP   4. Symfony\Component\HttpKernel\HttpKernel->handleRaw() /home/ubuntu/workspace/symfony_project/var/cache/prod/classes.php:4599
[12-Feb-2017 20:32:14 UTC] PHP   5. call_user_func_array:{/home/ubuntu/workspace/symfony_project/var/cache/prod/classes.php:4644}() /home/ubuntu/workspace/symfony_project/var/cache/prod/classes.php:4644
[12-Feb-2017 20:32:14 UTC] PHP   6. Blog\CoreBundle\Controller\PostController->indexAction() /home/ubuntu/workspace/symfony_project/var/cache/prod/classes.php:4644
[12-Feb-2017 20:32:37 UTC] PHP Fatal error:  Call to undefined function Blog\CoreBundle\Controller\getDoctrine() in /home/ubuntu/workspace/symfony_project/src/Blog/CoreBundle/Controller/PostController.php on line 19
[12-Feb-2017 20:32:37 UTC] PHP Stack trace:
[12-Feb-2017 20:32:37 UTC] PHP   1. {main}() /home/ubuntu/workspace/symfony_project/web/app.php:0
[12-Feb-2017 20:32:37 UTC] PHP   2. Symfony\Component\HttpKernel\Kernel->handle() /home/ubuntu/workspace/symfony_project/web/app.php:16
[12-Feb-2017 20:32:37 UTC] PHP   3. Symfony\Component\HttpKernel\HttpKernel->handle() /home/ubuntu/workspace/symfony_project/vendor/symfony/symfony/src/Symfony/Component/HttpKernel/Kernel.php:168
[12-Feb-2017 20:32:37 UTC] PHP   4. Symfony\Component\HttpKernel\HttpKernel->handleRaw() /home/ubuntu/workspace/symfony_project/var/cache/prod/classes.php:4599
[12-Feb-2017 20:32:37 UTC] PHP   5. call_user_func_array:{/home/ubuntu/workspace/symfony_project/var/cache/prod/classes.php:4644}() /home/ubuntu/workspace/symfony_project/var/cache/prod/classes.php:4644
[12-Feb-2017 20:32:37 UTC] PHP   6. Blog\CoreBundle\Controller\PostController->indexAction() /home/ubuntu/workspace/symfony_project/var/cache/prod/classes.php:4644
[12-Feb-2017 20:32:46 UTC] PHP Fatal error:  Call to undefined function Blog\CoreBundle\Controller\getDoctrine() in /home/ubuntu/workspace/symfony_project/src/Blog/CoreBundle/Controller/PostController.php on line 19
[12-Feb-2017 20:32:46 UTC] PHP Stack trace:
[12-Feb-2017 20:32:46 UTC] PHP   1. {main}() /home/ubuntu/workspace/symfony_project/web/app.php:0
[12-Feb-2017 20:32:46 UTC] PHP   2. Symfony\Component\HttpKernel\Kernel->handle() /home/ubuntu/workspace/symfony_project/web/app.php:16
[12-Feb-2017 20:32:46 UTC] PHP   3. Symfony\Component\HttpKernel\HttpKernel->handle() /home/ubuntu/workspace/symfony_project/vendor/symfony/symfony/src/Symfony/Component/HttpKernel/Kernel.php:168
[12-Feb-2017 20:32:46 UTC] PHP   4. Symfony\Component\HttpKernel\HttpKernel->handleRaw() /home/ubuntu/workspace/symfony_project/var/cache/prod/classes.php:4599
[12-Feb-2017 20:32:46 UTC] PHP   5. call_user_func_array:{/home/ubuntu/workspace/symfony_project/var/cache/prod/classes.php:4644}() /home/ubuntu/workspace/symfony_project/var/cache/prod/classes.php:4644
[12-Feb-2017 20:32:46 UTC] PHP   6. Blog\CoreBundle\Controller\PostController->indexAction() /home/ubuntu/workspace/symfony_project/var/cache/prod/classes.php:4644
[12-Feb-2017 20:34:18 UTC] PHP Fatal error:  Call to undefined function Blog\CoreBundle\Controller\getDoctrine() in /home/ubuntu/workspace/symfony_project/src/Blog/CoreBundle/Controller/PostController.php on line 19
[12-Feb-2017 20:34:18 UTC] PHP Stack trace:
[12-Feb-2017 20:34:18 UTC] PHP   1. {main}() /home/ubuntu/workspace/symfony_project/web/app.php:0
[12-Feb-2017 20:34:18 UTC] PHP   2. Symfony\Component\HttpKernel\Kernel->handle() /home/ubuntu/workspace/symfony_project/web/app.php:16
[12-Feb-2017 20:34:18 UTC] PHP   3. Symfony\Component\HttpKernel\HttpKernel->handle() /home/ubuntu/workspace/symfony_project/vendor/symfony/symfony/src/Symfony/Component/HttpKernel/Kernel.php:168
[12-Feb-2017 20:34:18 UTC] PHP   4. Symfony\Component\HttpKernel\HttpKernel->handleRaw() /home/ubuntu/workspace/symfony_project/var/cache/prod/classes.php:4599
[12-Feb-2017 20:34:18 UTC] PHP   5. call_user_func_array:{/home/ubuntu/workspace/symfony_project/var/cache/prod/classes.php:4644}() /home/ubuntu/workspace/symfony_project/var/cache/prod/classes.php:4644
[12-Feb-2017 20:34:18 UTC] PHP   6. Blog\CoreBundle\Controller\PostController->indexAction() /home/ubuntu/workspace/symfony_project/var/cache/prod/classes.php:4644
[12-Feb-2017 20:35:35 UTC] PHP Fatal error:  Call to undefined function Blog\CoreBundle\Controller\getDoctrine() in /home/ubuntu/workspace/symfony_project/src/Blog/CoreBundle/Controller/PostController.php on line 19
[12-Feb-2017 20:35:35 UTC] PHP Stack trace:
[12-Feb-2017 20:35:35 UTC] PHP   1. {main}() /home/ubuntu/workspace/symfony_project/web/app.php:0
[12-Feb-2017 20:35:35 UTC] PHP   2. Symfony\Component\HttpKernel\Kernel->handle() /home/ubuntu/workspace/symfony_project/web/app.php:16
[12-Feb-2017 20:35:35 UTC] PHP   3. Symfony\Component\HttpKernel\HttpKernel->handle() /home/ubuntu/workspace/symfony_project/vendor/symfony/symfony/src/Symfony/Component/HttpKernel/Kernel.php:168
[12-Feb-2017 20:35:35 UTC] PHP   4. Symfony\Component\HttpKernel\HttpKernel->handleRaw() /home/ubuntu/workspace/symfony_project/var/cache/prod/classes.php:4599
[12-Feb-2017 20:35:35 UTC] PHP   5. call_user_func_array:{/home/ubuntu/workspace/symfony_project/var/cache/prod/classes.php:4644}() /home/ubuntu/workspace/symfony_project/var/cache/prod/classes.php:4644
[12-Feb-2017 20:35:35 UTC] PHP   6. Blog\CoreBundle\Controller\PostController->indexAction() /home/ubuntu/workspace/symfony_project/var/cache/prod/classes.php:4644
[12-Feb-2017 20:35:45 UTC] PHP Fatal error:  Call to undefined function Blog\CoreBundle\Controller\getDoctrine() in /home/ubuntu/workspace/symfony_project/src/Blog/CoreBundle/Controller/PostController.php on line 19
[12-Feb-2017 20:35:45 UTC] PHP Stack trace:
[12-Feb-2017 20:35:45 UTC] PHP   1. {main}() /home/ubuntu/workspace/symfony_project/web/app.php:0
[12-Feb-2017 20:35:45 UTC] PHP   2. Symfony\Component\HttpKernel\Kernel->handle() /home/ubuntu/workspace/symfony_project/web/app.php:16
[12-Feb-2017 20:35:45 UTC] PHP   3. Symfony\Component\HttpKernel\HttpKernel->handle() /home/ubuntu/workspace/symfony_project/vendor/symfony/symfony/src/Symfony/Component/HttpKernel/Kernel.php:168
[12-Feb-2017 20:35:45 UTC] PHP   4. Symfony\Component\HttpKernel\HttpKernel->handleRaw() /home/ubuntu/workspace/symfony_project/var/cache/prod/classes.php:4599
[12-Feb-2017 20:35:45 UTC] PHP   5. call_user_func_array:{/home/ubuntu/workspace/symfony_project/var/cache/prod/classes.php:4644}() /home/ubuntu/workspace/symfony_project/var/cache/prod/classes.php:4644
[12-Feb-2017 20:35:45 UTC] PHP   6. Blog\CoreBundle\Controller\PostController->indexAction() /home/ubuntu/workspace/symfony_project/var/cache/prod/classes.php:4644
[12-Feb-2017 20:38:16 UTC] PHP Fatal error:  Call to undefined function Blog\CoreBundle\Controller\getDoctrine() in /home/ubuntu/workspace/symfony_project/src/Blog/CoreBundle/Controller/PostController.php on line 19
[12-Feb-2017 20:38:16 UTC] PHP Stack trace:
[12-Feb-2017 20:38:16 UTC] PHP   1. {main}() /home/ubuntu/workspace/symfony_project/web/app.php:0
[12-Feb-2017 20:38:16 UTC] PHP   2. Symfony\Component\HttpKernel\Kernel->handle() /home/ubuntu/workspace/symfony_project/web/app.php:16
[12-Feb-2017 20:38:16 UTC] PHP   3. Symfony\Component\HttpKernel\HttpKernel->handle() /home/ubuntu/workspace/symfony_project/vendor/symfony/symfony/src/Symfony/Component/HttpKernel/Kernel.php:168
[12-Feb-2017 20:38:16 UTC] PHP   4. Symfony\Component\HttpKernel\HttpKernel->handleRaw() /home/ubuntu/workspace/symfony_project/var/cache/prod/classes.php:4599
[12-Feb-2017 20:38:16 UTC] PHP   5. call_user_func_array:{/home/ubuntu/workspace/symfony_project/var/cache/prod/classes.php:4644}() /home/ubuntu/workspace/symfony_project/var/cache/prod/classes.php:4644
[12-Feb-2017 20:38:16 UTC] PHP   6. Blog\CoreBundle\Controller\PostController->indexAction() /home/ubuntu/workspace/symfony_project/var/cache/prod/classes.php:4644
[12-Feb-2017 20:40:03 UTC] PHP Fatal error:  Call to undefined function Blog\CoreBundle\Controller\getDoctrine() in /home/ubuntu/workspace/symfony_project/src/Blog/CoreBundle/Controller/PostController.php on line 19
[12-Feb-2017 20:40:03 UTC] PHP Stack trace:
[12-Feb-2017 20:40:03 UTC] PHP   1. {main}() /home/ubuntu/workspace/symfony_project/web/app.php:0
[12-Feb-2017 20:40:03 UTC] PHP   2. Symfony\Component\HttpKernel\Kernel->handle() /home/ubuntu/workspace/symfony_project/web/app.php:16
[12-Feb-2017 20:40:03 UTC] PHP   3. Symfony\Component\HttpKernel\HttpKernel->handle() /home/ubuntu/workspace/symfony_project/vendor/symfony/symfony/src/Symfony/Component/HttpKernel/Kernel.php:168
[12-Feb-2017 20:40:03 UTC] PHP   4. Symfony\Component\HttpKernel\HttpKernel->handleRaw() /home/ubuntu/workspace/symfony_project/var/cache/prod/classes.php:4599
[12-Feb-2017 20:40:03 UTC] PHP   5. call_user_func_array:{/home/ubuntu/workspace/symfony_project/var/cache/prod/classes.php:4644}() /home/ubuntu/workspace/symfony_project/var/cache/prod/classes.php:4644
[12-Feb-2017 20:40:03 UTC] PHP   6. Blog\CoreBundle\Controller\PostController->indexAction() /home/ubuntu/workspace/symfony_project/var/cache/prod/classes.php:4644
[12-Feb-2017 20:40:45 UTC] PHP Fatal error:  Call to undefined function Blog\CoreBundle\Controller\getDoctrine() in /home/ubuntu/workspace/symfony_project/src/Blog/CoreBundle/Controller/PostController.php on line 19
[12-Feb-2017 20:40:45 UTC] PHP Stack trace:
[12-Feb-2017 20:40:45 UTC] PHP   1. {main}() /home/ubuntu/workspace/symfony_project/web/app_dev.php:0
[12-Feb-2017 20:40:45 UTC] PHP   2. Symfony\Component\HttpKernel\Kernel->handle() /home/ubuntu/workspace/symfony_project/web/app_dev.php:28
[12-Feb-2017 20:40:45 UTC] PHP   3. Symfony\Component\HttpKernel\HttpKernel->handle() /home/ubuntu/workspace/symfony_project/vendor/symfony/symfony/src/Symfony/Component/HttpKernel/Kernel.php:168
[12-Feb-2017 20:40:45 UTC] PHP   4. Symfony\Component\HttpKernel\HttpKernel->handleRaw() /home/ubuntu/workspace/symfony_project/var/cache/dev/classes.php:4171
[12-Feb-2017 20:40:45 UTC] PHP   5. call_user_func_array:{/home/ubuntu/workspace/symfony_project/var/cache/dev/classes.php:4216}() /home/ubuntu/workspace/symfony_project/var/cache/dev/classes.php:4216
[12-Feb-2017 20:40:45 UTC] PHP   6. Blog\CoreBundle\Controller\PostController->indexAction() /home/ubuntu/workspace/symfony_project/var/cache/dev/classes.php:4216
[12-Feb-2017 20:40:45 UTC] PHP Fatal error:  Call to undefined function Blog\CoreBundle\Controller\getDoctrine() in /home/ubuntu/workspace/symfony_project/src/Blog/CoreBundle/Controller/PostController.php on line 19
[12-Feb-2017 20:40:45 UTC] PHP Stack trace:
[12-Feb-2017 20:40:45 UTC] PHP   1. {main}() /home/ubuntu/workspace/symfony_project/web/app_dev.php:0
[12-Feb-2017 20:40:45 UTC] PHP   2. Symfony\Component\HttpKernel\Kernel->handle() /home/ubuntu/workspace/symfony_project/web/app_dev.php:28
[12-Feb-2017 20:40:45 UTC] PHP   3. Symfony\Component\HttpKernel\HttpKernel->handle() /home/ubuntu/workspace/symfony_project/vendor/symfony/symfony/src/Symfony/Component/HttpKernel/Kernel.php:168
[12-Feb-2017 20:40:45 UTC] PHP   4. Symfony\Component\HttpKernel\HttpKernel->handleRaw() /home/ubuntu/workspace/symfony_project/var/cache/dev/classes.php:4171
[12-Feb-2017 20:40:45 UTC] PHP   5. call_user_func_array:{/home/ubuntu/workspace/symfony_project/var/cache/dev/classes.php:4216}() /home/ubuntu/workspace/symfony_project/var/cache/dev/classes.php:4216
[12-Feb-2017 20:40:45 UTC] PHP   6. Blog\CoreBundle\Controller\PostController->indexAction() /home/ubuntu/workspace/symfony_project/var/cache/dev/classes.php:4216
[12-Feb-2017 20:40:50 UTC] PHP Fatal error:  Call to undefined function Blog\CoreBundle\Controller\getDoctrine() in /home/ubuntu/workspace/symfony_project/src/Blog/CoreBundle/Controller/PostController.php on line 19
[12-Feb-2017 20:40:50 UTC] PHP Stack trace:
[12-Feb-2017 20:40:50 UTC] PHP   1. {main}() /home/ubuntu/workspace/symfony_project/web/app_dev.php:0
[12-Feb-2017 20:40:50 UTC] PHP   2. Symfony\Component\HttpKernel\Kernel->handle() /home/ubuntu/workspace/symfony_project/web/app_dev.php:28
[12-Feb-2017 20:40:50 UTC] PHP   3. Symfony\Component\HttpKernel\HttpKernel->handle() /home/ubuntu/workspace/symfony_project/vendor/symfony/symfony/src/Symfony/Component/HttpKernel/Kernel.php:168
[12-Feb-2017 20:40:50 UTC] PHP   4. Symfony\Component\HttpKernel\HttpKernel->handleRaw() /home/ubuntu/workspace/symfony_project/var/cache/dev/classes.php:4171
[12-Feb-2017 20:40:50 UTC] PHP   5. call_user_func_array:{/home/ubuntu/workspace/symfony_project/var/cache/dev/classes.php:4216}() /home/ubuntu/workspace/symfony_project/var/cache/dev/classes.php:4216
[12-Feb-2017 20:40:50 UTC] PHP   6. Blog\CoreBundle\Controller\PostController->indexAction() /home/ubuntu/workspace/symfony_project/var/cache/dev/classes.php:4216
[12-Feb-2017 20:41:38 UTC] PHP Fatal error:  Call to undefined function Blog\CoreBundle\Controller\getDoctrine() in /home/ubuntu/workspace/symfony_project/src/Blog/CoreBundle/Controller/PostController.php on line 19
[12-Feb-2017 20:41:38 UTC] PHP Stack trace:
[12-Feb-2017 20:41:38 UTC] PHP   1. {main}() /home/ubuntu/workspace/symfony_project/web/app_dev.php:0
[12-Feb-2017 20:41:38 UTC] PHP   2. Symfony\Component\HttpKernel\Kernel->handle() /home/ubuntu/workspace/symfony_project/web/app_dev.php:28
[12-Feb-2017 20:41:38 UTC] PHP   3. Symfony\Component\HttpKernel\HttpKernel->handle() /home/ubuntu/workspace/symfony_project/vendor/symfony/symfony/src/Symfony/Component/HttpKernel/Kernel.php:168
[12-Feb-2017 20:41:38 UTC] PHP   4. Symfony\Component\HttpKernel\HttpKernel->handleRaw() /home/ubuntu/workspace/symfony_project/var/cache/dev/classes.php:4171
[12-Feb-2017 20:41:38 UTC] PHP   5. call_user_func_array:{/home/ubuntu/workspace/symfony_project/var/cache/dev/classes.php:4216}() /home/ubuntu/workspace/symfony_project/var/cache/dev/classes.php:4216
[12-Feb-2017 20:41:38 UTC] PHP   6. Blog\CoreBundle\Controller\PostController->indexAction() /home/ubuntu/workspace/symfony_project/var/cache/dev/classes.php:4216
[12-Feb-2017 20:46:42 UTC] PHP Fatal error:  Call to undefined function Blog\CoreBundle\Controller\getDoctrine() in /home/ubuntu/workspace/symfony_project/src/Blog/CoreBundle/Controller/PostController.php on line 19
[12-Feb-2017 20:46:42 UTC] PHP Stack trace:
[12-Feb-2017 20:46:42 UTC] PHP   1. {main}() /home/ubuntu/workspace/symfony_project/web/app_dev.php:0
[12-Feb-2017 20:46:42 UTC] PHP   2. Symfony\Component\HttpKernel\Kernel->handle() /home/ubuntu/workspace/symfony_project/web/app_dev.php:28
[12-Feb-2017 20:46:42 UTC] PHP   3. Symfony\Component\HttpKernel\HttpKernel->handle() /home/ubuntu/workspace/symfony_project/vendor/symfony/symfony/src/Symfony/Component/HttpKernel/Kernel.php:168
[12-Feb-2017 20:46:42 UTC] PHP   4. Symfony\Component\HttpKernel\HttpKernel->handleRaw() /home/ubuntu/workspace/symfony_project/var/cache/dev/classes.php:4171
[12-Feb-2017 20:46:42 UTC] PHP   5. call_user_func_array:{/home/ubuntu/workspace/symfony_project/var/cache/dev/classes.php:4216}() /home/ubuntu/workspace/symfony_project/var/cache/dev/classes.php:4216
[12-Feb-2017 20:46:42 UTC] PHP   6. Blog\CoreBundle\Controller\PostController->indexAction() /home/ubuntu/workspace/symfony_project/var/cache/dev/classes.php:4216
[12-Feb-2017 20:48:33 UTC] PHP Fatal error:  Call to undefined function Blog\CoreBundle\Controller\getDoctrine() in /home/ubuntu/workspace/symfony_project/src/Blog/CoreBundle/Controller/PostController.php on line 19
[12-Feb-2017 20:48:33 UTC] PHP Stack trace:
[12-Feb-2017 20:48:33 UTC] PHP   1. {main}() /home/ubuntu/workspace/symfony_project/web/app_dev.php:0
[12-Feb-2017 20:48:33 UTC] PHP   2. Symfony\Component\HttpKernel\Kernel->handle() /home/ubuntu/workspace/symfony_project/web/app_dev.php:28
[12-Feb-2017 20:48:33 UTC] PHP   3. Symfony\Component\HttpKernel\HttpKernel->handle() /home/ubuntu/workspace/symfony_project/vendor/symfony/symfony/src/Symfony/Component/HttpKernel/Kernel.php:168
[12-Feb-2017 20:48:33 UTC] PHP   4. Symfony\Component\HttpKernel\HttpKernel->handleRaw() /home/ubuntu/workspace/symfony_project/var/cache/dev/classes.php:4171
[12-Feb-2017 20:48:33 UTC] PHP   5. call_user_func_array:{/home/ubuntu/workspace/symfony_project/var/cache/dev/classes.php:4216}() /home/ubuntu/workspace/symfony_project/var/cache/dev/classes.php:4216
[12-Feb-2017 20:48:33 UTC] PHP   6. Blog\CoreBundle\Controller\PostController->indexAction() /home/ubuntu/workspace/symfony_project/var/cache/dev/classes.php:4216
[12-Feb-2017 20:48:41 UTC] PHP Fatal error:  Call to undefined function Blog\CoreBundle\Controller\getDoctrine() in /home/ubuntu/workspace/symfony_project/src/Blog/CoreBundle/Controller/PostController.php on line 19
[12-Feb-2017 20:48:41 UTC] PHP Stack trace:
[12-Feb-2017 20:48:41 UTC] PHP   1. {main}() /home/ubuntu/workspace/symfony_project/web/app_dev.php:0
[12-Feb-2017 20:48:41 UTC] PHP   2. Symfony\Component\HttpKernel\Kernel->handle() /home/ubuntu/workspace/symfony_project/web/app_dev.php:28
[12-Feb-2017 20:48:41 UTC] PHP   3. Symfony\Component\HttpKernel\HttpKernel->handle() /home/ubuntu/workspace/symfony_project/vendor/symfony/symfony/src/Symfony/Component/HttpKernel/Kernel.php:168
[12-Feb-2017 20:48:41 UTC] PHP   4. Symfony\Component\HttpKernel\HttpKernel->handleRaw() /home/ubuntu/workspace/symfony_project/var/cache/dev/classes.php:4171
[12-Feb-2017 20:48:41 UTC] PHP   5. call_user_func_array:{/home/ubuntu/workspace/symfony_project/var/cache/dev/classes.php:4216}() /home/ubuntu/workspace/symfony_project/var/cache/dev/classes.php:4216
[12-Feb-2017 20:48:41 UTC] PHP   6. Blog\CoreBundle\Controller\PostController->indexAction() /home/ubuntu/workspace/symfony_project/var/cache/dev/classes.php:4216
[12-Feb-2017 21:02:35 UTC] PHP Fatal error:  Call to undefined function Blog\CoreBundle\Controller\getDoctrine() in /home/ubuntu/workspace/symfony_project/src/Blog/CoreBundle/Controller/PostController.php on line 19
[12-Feb-2017 21:02:35 UTC] PHP Stack trace:
[12-Feb-2017 21:02:35 UTC] PHP   1. {main}() /home/ubuntu/workspace/symfony_project/web/app_dev.php:0
[12-Feb-2017 21:02:35 UTC] PHP   2. Symfony\Component\HttpKernel\Kernel->handle() /home/ubuntu/workspace/symfony_project/web/app_dev.php:28
[12-Feb-2017 21:02:35 UTC] PHP   3. Symfony\Component\HttpKernel\HttpKernel->handle() /home/ubuntu/workspace/symfony_project/vendor/symfony/symfony/src/Symfony/Component/HttpKernel/Kernel.php:168
[12-Feb-2017 21:02:35 UTC] PHP   4. Symfony\Component\HttpKernel\HttpKernel->handleRaw() /home/ubuntu/workspace/symfony_project/vendor/symfony/symfony/src/Symfony/Component/HttpKernel/HttpKernel.php:68
[12-Feb-2017 21:02:35 UTC] PHP   5. call_user_func_array:{/home/ubuntu/workspace/symfony_project/vendor/symfony/symfony/src/Symfony/Component/HttpKernel/HttpKernel.php:153}() /home/ubuntu/workspace/symfony_project/vendor/symfony/symfony/src/Symfony/Component/HttpKernel/HttpKernel.php:153
[12-Feb-2017 21:02:35 UTC] PHP   6. Blog\CoreBundle\Controller\PostController->indexAction() /home/ubuntu/workspace/symfony_project/vendor/symfony/symfony/src/Symfony/Component/HttpKernel/HttpKernel.php:153
[12-Feb-2017 21:03:28 UTC] PHP Fatal error:  Call to undefined function Blog\CoreBundle\Controller\getDoctrine() in /home/ubuntu/workspace/symfony_project/src/Blog/CoreBundle/Controller/PostController.php on line 19
[12-Feb-2017 21:03:28 UTC] PHP Stack trace:
[12-Feb-2017 21:03:28 UTC] PHP   1. {main}() /home/ubuntu/workspace/symfony_project/web/app.php:0
[12-Feb-2017 21:03:28 UTC] PHP   2. Symfony\Component\HttpKernel\Kernel->handle() /home/ubuntu/workspace/symfony_project/web/app.php:16
[12-Feb-2017 21:03:28 UTC] PHP   3. Symfony\Component\HttpKernel\HttpKernel->handle() /home/ubuntu/workspace/symfony_project/vendor/symfony/symfony/src/Symfony/Component/HttpKernel/Kernel.php:168
[12-Feb-2017 21:03:28 UTC] PHP   4. Symfony\Component\HttpKernel\HttpKernel->handleRaw() /home/ubuntu/workspace/symfony_project/vendor/symfony/symfony/src/Symfony/Component/HttpKernel/HttpKernel.php:68
[12-Feb-2017 21:03:28 UTC] PHP   5. call_user_func_array:{/home/ubuntu/workspace/symfony_project/vendor/symfony/symfony/src/Symfony/Component/HttpKernel/HttpKernel.php:153}() /home/ubuntu/workspace/symfony_project/vendor/symfony/symfony/src/Symfony/Component/HttpKernel/HttpKernel.php:153
[12-Feb-2017 21:03:28 UTC] PHP   6. Blog\CoreBundle\Controller\PostController->indexAction() /home/ubuntu/workspace/symfony_project/vendor/symfony/symfony/src/Symfony/Component/HttpKernel/HttpKernel.php:153
[12-Feb-2017 21:05:12 UTC] PHP Fatal error:  Call to undefined function Blog\CoreBundle\Controller\getDoctrine() in /home/ubuntu/workspace/symfony_project/src/Blog/CoreBundle/Controller/PostController.php on line 19
[12-Feb-2017 21:05:12 UTC] PHP Stack trace:
[12-Feb-2017 21:05:12 UTC] PHP   1. {main}() /home/ubuntu/workspace/symfony_project/web/app.php:0
[12-Feb-2017 21:05:12 UTC] PHP   2. Symfony\Component\HttpKernel\Kernel->handle() /home/ubuntu/workspace/symfony_project/web/app.php:16
[12-Feb-2017 21:05:12 UTC] PHP   3. Symfony\Component\HttpKernel\HttpKernel->handle() /home/ubuntu/workspace/symfony_project/vendor/symfony/symfony/src/Symfony/Component/HttpKernel/Kernel.php:168
[12-Feb-2017 21:05:12 UTC] PHP   4. Symfony\Component\HttpKernel\HttpKernel->handleRaw() /home/ubuntu/workspace/symfony_project/vendor/symfony/symfony/src/Symfony/Component/HttpKernel/HttpKernel.php:68
[12-Feb-2017 21:05:12 UTC] PHP   5. call_user_func_array:{/home/ubuntu/workspace/symfony_project/vendor/symfony/symfony/src/Symfony/Component/HttpKernel/HttpKernel.php:153}() /home/ubuntu/workspace/symfony_project/vendor/symfony/symfony/src/Symfony/Component/HttpKernel/HttpKernel.php:153
[12-Feb-2017 21:05:12 UTC] PHP   6. Blog\CoreBundle\Controller\PostController->indexAction() /home/ubuntu/workspace/symfony_project/vendor/symfony/symfony/src/Symfony/Component/HttpKernel/HttpKernel.php:153
[12-Feb-2017 21:05:22 UTC] PHP Fatal error:  Call to undefined function Blog\CoreBundle\Controller\getDoctrine() in /home/ubuntu/workspace/symfony_project/src/Blog/CoreBundle/Controller/PostController.php on line 19
[12-Feb-2017 21:05:22 UTC] PHP Stack trace:
[12-Feb-2017 21:05:22 UTC] PHP   1. {main}() /home/ubuntu/workspace/symfony_project/web/app.php:0
[12-Feb-2017 21:05:22 UTC] PHP   2. Symfony\Component\HttpKernel\Kernel->handle() /home/ubuntu/workspace/symfony_project/web/app.php:16
[12-Feb-2017 21:05:22 UTC] PHP   3. Symfony\Component\HttpKernel\HttpKernel->handle() /home/ubuntu/workspace/symfony_project/vendor/symfony/symfony/src/Symfony/Component/HttpKernel/Kernel.php:168
[12-Feb-2017 21:05:22 UTC] PHP   4. Symfony\Component\HttpKernel\HttpKernel->handleRaw() /home/ubuntu/workspace/symfony_project/var/cache/prod/classes.php:4599
[12-Feb-2017 21:05:22 UTC] PHP   5. call_user_func_array:{/home/ubuntu/workspace/symfony_project/var/cache/prod/classes.php:4644}() /home/ubuntu/workspace/symfony_project/var/cache/prod/classes.php:4644
[12-Feb-2017 21:05:22 UTC] PHP   6. Blog\CoreBundle\Controller\PostController->indexAction() /home/ubuntu/workspace/symfony_project/var/cache/prod/classes.php:4644
[13-Feb-2017 08:01:58 UTC] PHP Fatal error:  Call to undefined function Blog\CoreBundle\Controller\getDoctrine() in /home/ubuntu/workspace/symfony_project/src/Blog/CoreBundle/Controller/PostController.php on line 19
[13-Feb-2017 08:01:58 UTC] PHP Stack trace:
[13-Feb-2017 08:01:58 UTC] PHP   1. {main}() /home/ubuntu/workspace/symfony_project/web/app_dev.php:0
[13-Feb-2017 08:01:58 UTC] PHP   2. Symfony\Component\HttpKernel\Kernel->handle() /home/ubuntu/workspace/symfony_project/web/app_dev.php:28
[13-Feb-2017 08:01:58 UTC] PHP   3. Symfony\Component\HttpKernel\HttpKernel->handle() /home/ubuntu/workspace/symfony_project/vendor/symfony/symfony/src/Symfony/Component/HttpKernel/Kernel.php:168
[13-Feb-2017 08:01:58 UTC] PHP   4. Symfony\Component\HttpKernel\HttpKernel->handleRaw() /home/ubuntu/workspace/symfony_project/var/cache/dev/classes.php:4171
[13-Feb-2017 08:01:58 UTC] PHP   5. call_user_func_array:{/home/ubuntu/workspace/symfony_project/var/cache/dev/classes.php:4216}() /home/ubuntu/workspace/symfony_project/var/cache/dev/classes.php:4216
[13-Feb-2017 08:01:58 UTC] PHP   6. Blog\CoreBundle\Controller\PostController->indexAction() /home/ubuntu/workspace/symfony_project/var/cache/dev/classes.php:4216
[13-Feb-2017 08:02:14 UTC] PHP Fatal error:  Call to undefined function Blog\CoreBundle\Controller\getDoctrine() in /home/ubuntu/workspace/symfony_project/src/Blog/CoreBundle/Controller/PostController.php on line 19
[13-Feb-2017 08:02:14 UTC] PHP Stack trace:
[13-Feb-2017 08:02:14 UTC] PHP   1. {main}() /home/ubuntu/workspace/symfony_project/web/app_dev.php:0
[13-Feb-2017 08:02:14 UTC] PHP   2. Symfony\Component\HttpKernel\Kernel->handle() /home/ubuntu/workspace/symfony_project/web/app_dev.php:28
[13-Feb-2017 08:02:14 UTC] PHP   3. Symfony\Component\HttpKernel\HttpKernel->handle() /home/ubuntu/workspace/symfony_project/vendor/symfony/symfony/src/Symfony/Component/HttpKernel/Kernel.php:168
[13-Feb-2017 08:02:14 UTC] PHP   4. Symfony\Component\HttpKernel\HttpKernel->handleRaw() /home/ubuntu/workspace/symfony_project/var/cache/dev/classes.php:4171
[13-Feb-2017 08:02:14 UTC] PHP   5. call_user_func_array:{/home/ubuntu/workspace/symfony_project/var/cache/dev/classes.php:4216}() /home/ubuntu/workspace/symfony_project/var/cache/dev/classes.php:4216
[13-Feb-2017 08:02:14 UTC] PHP   6. Blog\CoreBundle\Controller\PostController->indexAction() /home/ubuntu/workspace/symfony_project/var/cache/dev/classes.php:4216
[13-Feb-2017 08:03:43 UTC] PHP Fatal error:  Call to undefined method Doctrine\Bundle\DoctrineBundle\Registry::getRepasitory() in /home/ubuntu/workspace/symfony_project/src/Blog/CoreBundle/Controller/PostController.php on line 19
[13-Feb-2017 08:03:43 UTC] PHP Stack trace:
[13-Feb-2017 08:03:43 UTC] PHP   1. {main}() /home/ubuntu/workspace/symfony_project/web/app_dev.php:0
[13-Feb-2017 08:03:43 UTC] PHP   2. Symfony\Component\HttpKernel\Kernel->handle() /home/ubuntu/workspace/symfony_project/web/app_dev.php:28
[13-Feb-2017 08:03:43 UTC] PHP   3. Symfony\Component\HttpKernel\HttpKernel->handle() /home/ubuntu/workspace/symfony_project/vendor/symfony/symfony/src/Symfony/Component/HttpKernel/Kernel.php:168
[13-Feb-2017 08:03:43 UTC] PHP   4. Symfony\Component\HttpKernel\HttpKernel->handleRaw() /home/ubuntu/workspace/symfony_project/var/cache/dev/classes.php:4171
[13-Feb-2017 08:03:43 UTC] PHP   5. call_user_func_array:{/home/ubuntu/workspace/symfony_project/var/cache/dev/classes.php:4216}() /home/ubuntu/workspace/symfony_project/var/cache/dev/classes.php:4216
[13-Feb-2017 08:03:43 UTC] PHP   6. Blog\CoreBundle\Controller\PostController->indexAction() /home/ubuntu/workspace/symfony_project/var/cache/dev/classes.php:4216
[13-Feb-2017 08:03:57 UTC] PHP Fatal error:  Call to undefined method Doctrine\Bundle\DoctrineBundle\Registry::getRepasitory() in /home/ubuntu/workspace/symfony_project/src/Blog/CoreBundle/Controller/PostController.php on line 19
[13-Feb-2017 08:03:57 UTC] PHP Stack trace:
[13-Feb-2017 08:03:57 UTC] PHP   1. {main}() /home/ubuntu/workspace/symfony_project/web/app_dev.php:0
[13-Feb-2017 08:03:57 UTC] PHP   2. Symfony\Component\HttpKernel\Kernel->handle() /home/ubuntu/workspace/symfony_project/web/app_dev.php:28
[13-Feb-2017 08:03:57 UTC] PHP   3. Symfony\Component\HttpKernel\HttpKernel->handle() /home/ubuntu/workspace/symfony_project/vendor/symfony/symfony/src/Symfony/Component/HttpKernel/Kernel.php:168
[13-Feb-2017 08:03:57 UTC] PHP   4. Symfony\Component\HttpKernel\HttpKernel->handleRaw() /home/ubuntu/workspace/symfony_project/var/cache/dev/classes.php:4171
[13-Feb-2017 08:03:57 UTC] PHP   5. call_user_func_array:{/home/ubuntu/workspace/symfony_project/var/cache/dev/classes.php:4216}() /home/ubuntu/workspace/symfony_project/var/cache/dev/classes.php:4216
[13-Feb-2017 08:03:57 UTC] PHP   6. Blog\CoreBundle\Controller\PostController->indexAction() /home/ubuntu/workspace/symfony_project/var/cache/dev/classes.php:4216
[13-Feb-2017 19:01:07 UTC] PHP Fatal error:  Call to undefined method Doctrine\ORM\EntityManager::getRepasitory() in /home/ubuntu/workspace/symfony_project/src/Blog/ModelBundle/Repository/PostRepository.php on line 32
[13-Feb-2017 19:01:07 UTC] PHP Stack trace:
[13-Feb-2017 19:01:07 UTC] PHP   1. {main}() /home/ubuntu/workspace/symfony_project/web/app_dev.php:0
[13-Feb-2017 19:01:07 UTC] PHP   2. Symfony\Component\HttpKernel\Kernel->handle() /home/ubuntu/workspace/symfony_project/web/app_dev.php:28
[13-Feb-2017 19:01:07 UTC] PHP   3. Symfony\Component\HttpKernel\HttpKernel->handle() /home/ubuntu/workspace/symfony_project/vendor/symfony/symfony/src/Symfony/Component/HttpKernel/Kernel.php:168
[13-Feb-2017 19:01:07 UTC] PHP   4. Symfony\Component\HttpKernel\HttpKernel->handleRaw() /home/ubuntu/workspace/symfony_project/var/cache/dev/classes.php:4171
[13-Feb-2017 19:01:07 UTC] PHP   5. call_user_func_array:{/home/ubuntu/workspace/symfony_project/var/cache/dev/classes.php:4216}() /home/ubuntu/workspace/symfony_project/var/cache/dev/classes.php:4216
[13-Feb-2017 19:01:07 UTC] PHP   6. Blog\CoreBundle\Controller\PostController->indexAction() /home/ubuntu/workspace/symfony_project/var/cache/dev/classes.php:4216
[13-Feb-2017 19:01:07 UTC] PHP   7. Blog\ModelBundle\Repository\PostRepository->getLatest() /home/ubuntu/workspace/symfony_project/src/Blog/CoreBundle/Controller/PostController.php:21
[13-Feb-2017 19:01:07 UTC] PHP   8. Blog\ModelBundle\Repository\PostRepository->getQueryBuilder() /home/ubuntu/workspace/symfony_project/src/Blog/ModelBundle/Repository/PostRepository.php:16
[13-Feb-2017 19:21:03 UTC] PHP Fatal error:  Call to undefined method Doctrine\ORM\EntityManager::getRepasitory() in /home/ubuntu/workspace/symfony_project/src/Blog/ModelBundle/Repository/PostRepository.php on line 32
[13-Feb-2017 19:21:03 UTC] PHP Stack trace:
[13-Feb-2017 19:21:03 UTC] PHP   1. {main}() /home/ubuntu/workspace/symfony_project/web/app_dev.php:0
[13-Feb-2017 19:21:03 UTC] PHP   2. Symfony\Component\HttpKernel\Kernel->handle() /home/ubuntu/workspace/symfony_project/web/app_dev.php:28
[13-Feb-2017 19:21:03 UTC] PHP   3. Symfony\Component\HttpKernel\HttpKernel->handle() /home/ubuntu/workspace/symfony_project/vendor/symfony/symfony/src/Symfony/Component/HttpKernel/Kernel.php:168
[13-Feb-2017 19:21:03 UTC] PHP   4. Symfony\Component\HttpKernel\HttpKernel->handleRaw() /home/ubuntu/workspace/symfony_project/var/cache/dev/classes.php:4171
[13-Feb-2017 19:21:03 UTC] PHP   5. call_user_func_array:{/home/ubuntu/workspace/symfony_project/var/cache/dev/classes.php:4216}() /home/ubuntu/workspace/symfony_project/var/cache/dev/classes.php:4216
[13-Feb-2017 19:21:03 UTC] PHP   6. Blog\CoreBundle\Controller\PostController->indexAction() /home/ubuntu/workspace/symfony_project/var/cache/dev/classes.php:4216
[13-Feb-2017 19:21:03 UTC] PHP   7. Blog\ModelBundle\Repository\PostRepository->getLatest() /home/ubuntu/workspace/symfony_project/src/Blog/CoreBundle/Controller/PostController.php:21
[13-Feb-2017 19:21:03 UTC] PHP   8. Blog\ModelBundle\Repository\PostRepository->getQueryBuilder() /home/ubuntu/workspace/symfony_project/src/Blog/ModelBundle/Repository/PostRepository.php:16
[13-Feb-2017 19:21:57 UTC] PHP Fatal error:  Call to undefined method Doctrine\ORM\EntityManager::getRepasitory() in /home/ubuntu/workspace/symfony_project/src/Blog/ModelBundle/Repository/PostRepository.php on line 32
[13-Feb-2017 19:21:57 UTC] PHP Stack trace:
[13-Feb-2017 19:21:57 UTC] PHP   1. {main}() /home/ubuntu/workspace/symfony_project/web/app_dev.php:0
[13-Feb-2017 19:21:57 UTC] PHP   2. Symfony\Component\HttpKernel\Kernel->handle() /home/ubuntu/workspace/symfony_project/web/app_dev.php:28
[13-Feb-2017 19:21:57 UTC] PHP   3. Symfony\Component\HttpKernel\HttpKernel->handle() /home/ubuntu/workspace/symfony_project/vendor/symfony/symfony/src/Symfony/Component/HttpKernel/Kernel.php:168
[13-Feb-2017 19:21:57 UTC] PHP   4. Symfony\Component\HttpKernel\HttpKernel->handleRaw() /home/ubuntu/workspace/symfony_project/var/cache/dev/classes.php:4171
[13-Feb-2017 19:21:57 UTC] PHP   5. call_user_func_array:{/home/ubuntu/workspace/symfony_project/var/cache/dev/classes.php:4216}() /home/ubuntu/workspace/symfony_project/var/cache/dev/classes.php:4216
[13-Feb-2017 19:21:57 UTC] PHP   6. Blog\CoreBundle\Controller\PostController->indexAction() /home/ubuntu/workspace/symfony_project/var/cache/dev/classes.php:4216
[13-Feb-2017 19:21:57 UTC] PHP   7. Blog\ModelBundle\Repository\PostRepository->getLatest() /home/ubuntu/workspace/symfony_project/src/Blog/CoreBundle/Controller/PostController.php:21
[13-Feb-2017 19:21:57 UTC] PHP   8. Blog\ModelBundle\Repository\PostRepository->getQueryBuilder() /home/ubuntu/workspace/symfony_project/src/Blog/ModelBundle/Repository/PostRepository.php:16
[13-Feb-2017 19:22:15 UTC] PHP Fatal error:  Call to undefined method Doctrine\ORM\EntityManager::getRepasitory() in /home/ubuntu/workspace/symfony_project/src/Blog/ModelBundle/Repository/PostRepository.php on line 32
[13-Feb-2017 19:22:15 UTC] PHP Stack trace:
[13-Feb-2017 19:22:15 UTC] PHP   1. {main}() /home/ubuntu/workspace/symfony_project/web/app_dev.php:0
[13-Feb-2017 19:22:15 UTC] PHP   2. Symfony\Component\HttpKernel\Kernel->handle() /home/ubuntu/workspace/symfony_project/web/app_dev.php:28
[13-Feb-2017 19:22:15 UTC] PHP   3. Symfony\Component\HttpKernel\HttpKernel->handle() /home/ubuntu/workspace/symfony_project/vendor/symfony/symfony/src/Symfony/Component/HttpKernel/Kernel.php:168
[13-Feb-2017 19:22:15 UTC] PHP   4. Symfony\Component\HttpKernel\HttpKernel->handleRaw() /home/ubuntu/workspace/symfony_project/var/cache/dev/classes.php:4171
[13-Feb-2017 19:22:15 UTC] PHP   5. call_user_func_array:{/home/ubuntu/workspace/symfony_project/var/cache/dev/classes.php:4216}() /home/ubuntu/workspace/symfony_project/var/cache/dev/classes.php:4216
[13-Feb-2017 19:22:15 UTC] PHP   6. Blog\CoreBundle\Controller\PostController->indexAction() /home/ubuntu/workspace/symfony_project/var/cache/dev/classes.php:4216
[13-Feb-2017 19:22:15 UTC] PHP   7. Blog\ModelBundle\Repository\PostRepository->getLatest() /home/ubuntu/workspace/symfony_project/src/Blog/CoreBundle/Controller/PostController.php:21
[13-Feb-2017 19:22:15 UTC] PHP   8. Blog\ModelBundle\Repository\PostRepository->getQueryBuilder() /home/ubuntu/workspace/symfony_project/src/Blog/ModelBundle/Repository/PostRepository.php:16
[13-Feb-2017 19:24:45 UTC] PHP Fatal error:  Call to undefined method Doctrine\ORM\EntityManager::getRepasitory() in /home/ubuntu/workspace/symfony_project/src/Blog/ModelBundle/Repository/PostRepository.php on line 34
[13-Feb-2017 19:24:45 UTC] PHP Stack trace:
[13-Feb-2017 19:24:45 UTC] PHP   1. {main}() /home/ubuntu/workspace/symfony_project/web/app_dev.php:0
[13-Feb-2017 19:24:45 UTC] PHP   2. Symfony\Component\HttpKernel\Kernel->handle() /home/ubuntu/workspace/symfony_project/web/app_dev.php:28
[13-Feb-2017 19:24:45 UTC] PHP   3. Symfony\Component\HttpKernel\HttpKernel->handle() /home/ubuntu/workspace/symfony_project/vendor/symfony/symfony/src/Symfony/Component/HttpKernel/Kernel.php:168
[13-Feb-2017 19:24:45 UTC] PHP   4. Symfony\Component\HttpKernel\HttpKernel->handleRaw() /home/ubuntu/workspace/symfony_project/var/cache/dev/classes.php:4171
[13-Feb-2017 19:24:45 UTC] PHP   5. call_user_func_array:{/home/ubuntu/workspace/symfony_project/var/cache/dev/classes.php:4216}() /home/ubuntu/workspace/symfony_project/var/cache/dev/classes.php:4216
[13-Feb-2017 19:24:45 UTC] PHP   6. Blog\CoreBundle\Controller\PostController->indexAction() /home/ubuntu/workspace/symfony_project/var/cache/dev/classes.php:4216
[13-Feb-2017 19:24:45 UTC] PHP   7. Blog\ModelBundle\Repository\PostRepository->getLatest() /home/ubuntu/workspace/symfony_project/src/Blog/CoreBundle/Controller/PostController.php:21
[13-Feb-2017 19:24:45 UTC] PHP   8. Blog\ModelBundle\Repository\PostRepository->getQueryBuilder() /home/ubuntu/workspace/symfony_project/src/Blog/ModelBundle/Repository/PostRepository.php:18
[13-Feb-2017 19:25:12 UTC] PHP Fatal error:  Call to undefined method Doctrine\ORM\EntityManager::getRepasitory() in /home/ubuntu/workspace/symfony_project/src/Blog/ModelBundle/Repository/PostRepository.php on line 34
[13-Feb-2017 19:25:12 UTC] PHP Stack trace:
[13-Feb-2017 19:25:12 UTC] PHP   1. {main}() /home/ubuntu/workspace/symfony_project/web/app_dev.php:0
[13-Feb-2017 19:25:12 UTC] PHP   2. Symfony\Component\HttpKernel\Kernel->handle() /home/ubuntu/workspace/symfony_project/web/app_dev.php:28
[13-Feb-2017 19:25:12 UTC] PHP   3. Symfony\Component\HttpKernel\HttpKernel->handle() /home/ubuntu/workspace/symfony_project/vendor/symfony/symfony/src/Symfony/Component/HttpKernel/Kernel.php:168
[13-Feb-2017 19:25:12 UTC] PHP   4. Symfony\Component\HttpKernel\HttpKernel->handleRaw() /home/ubuntu/workspace/symfony_project/var/cache/dev/classes.php:4171
[13-Feb-2017 19:25:12 UTC] PHP   5. call_user_func_array:{/home/ubuntu/workspace/symfony_project/var/cache/dev/classes.php:4216}() /home/ubuntu/workspace/symfony_project/var/cache/dev/classes.php:4216
[13-Feb-2017 19:25:12 UTC] PHP   6. Blog\CoreBundle\Controller\PostController->indexAction() /home/ubuntu/workspace/symfony_project/var/cache/dev/classes.php:4216
[13-Feb-2017 19:25:12 UTC] PHP   7. Blog\ModelBundle\Repository\PostRepository->getLatest() /home/ubuntu/workspace/symfony_project/src/Blog/CoreBundle/Controller/PostController.php:21
[13-Feb-2017 19:25:12 UTC] PHP   8. Blog\ModelBundle\Repository\PostRepository->getQueryBuilder() /home/ubuntu/workspace/symfony_project/src/Blog/ModelBundle/Repository/PostRepository.php:18
[13-Feb-2017 19:25:31 UTC] PHP Fatal error:  Call to undefined method Doctrine\ORM\EntityManager::getRepasitory() in /home/ubuntu/workspace/symfony_project/src/Blog/ModelBundle/Repository/PostRepository.php on line 34
[13-Feb-2017 19:25:31 UTC] PHP Stack trace:
[13-Feb-2017 19:25:31 UTC] PHP   1. {main}() /home/ubuntu/workspace/symfony_project/web/app_dev.php:0
[13-Feb-2017 19:25:31 UTC] PHP   2. Symfony\Component\HttpKernel\Kernel->handle() /home/ubuntu/workspace/symfony_project/web/app_dev.php:28
[13-Feb-2017 19:25:31 UTC] PHP   3. Symfony\Component\HttpKernel\HttpKernel->handle() /home/ubuntu/workspace/symfony_project/vendor/symfony/symfony/src/Symfony/Component/HttpKernel/Kernel.php:168
[13-Feb-2017 19:25:31 UTC] PHP   4. Symfony\Component\HttpKernel\HttpKernel->handleRaw() /home/ubuntu/workspace/symfony_project/var/cache/dev/classes.php:4171
[13-Feb-2017 19:25:31 UTC] PHP   5. call_user_func_array:{/home/ubuntu/workspace/symfony_project/var/cache/dev/classes.php:4216}() /home/ubuntu/workspace/symfony_project/var/cache/dev/classes.php:4216
[13-Feb-2017 19:25:31 UTC] PHP   6. Blog\CoreBundle\Controller\PostController->indexAction() /home/ubuntu/workspace/symfony_project/var/cache/dev/classes.php:4216
[13-Feb-2017 19:25:31 UTC] PHP   7. Blog\ModelBundle\Repository\PostRepository->getLatest() /home/ubuntu/workspace/symfony_project/src/Blog/CoreBundle/Controller/PostController.php:21
[13-Feb-2017 19:25:31 UTC] PHP   8. Blog\ModelBundle\Repository\PostRepository->getQueryBuilder() /home/ubuntu/workspace/symfony_project/src/Blog/ModelBundle/Repository/PostRepository.php:18
[13-Feb-2017 19:27:17 UTC] PHP Fatal error:  Call to undefined method Doctrine\ORM\EntityManager::getRepasitory() in /home/ubuntu/workspace/symfony_project/src/Blog/ModelBundle/Repository/PostRepository.php on line 36
[13-Feb-2017 19:27:17 UTC] PHP Stack trace:
[13-Feb-2017 19:27:17 UTC] PHP   1. {main}() /home/ubuntu/workspace/symfony_project/web/app_dev.php:0
[13-Feb-2017 19:27:17 UTC] PHP   2. Symfony\Component\HttpKernel\Kernel->handle() /home/ubuntu/workspace/symfony_project/web/app_dev.php:28
[13-Feb-2017 19:27:17 UTC] PHP   3. Symfony\Component\HttpKernel\HttpKernel->handle() /home/ubuntu/workspace/symfony_project/vendor/symfony/symfony/src/Symfony/Component/HttpKernel/Kernel.php:168
[13-Feb-2017 19:27:17 UTC] PHP   4. Symfony\Component\HttpKernel\HttpKernel->handleRaw() /home/ubuntu/workspace/symfony_project/var/cache/dev/classes.php:4171
[13-Feb-2017 19:27:17 UTC] PHP   5. call_user_func_array:{/home/ubuntu/workspace/symfony_project/var/cache/dev/classes.php:4216}() /home/ubuntu/workspace/symfony_project/var/cache/dev/classes.php:4216
[13-Feb-2017 19:27:17 UTC] PHP   6. Blog\CoreBundle\Controller\PostController->indexAction() /home/ubuntu/workspace/symfony_project/var/cache/dev/classes.php:4216
[13-Feb-2017 19:27:17 UTC] PHP   7. Blog\ModelBundle\Repository\PostRepository->getLatest() /home/ubuntu/workspace/symfony_project/src/Blog/CoreBundle/Controller/PostController.php:21
[13-Feb-2017 19:27:17 UTC] PHP   8. Blog\ModelBundle\Repository\PostRepository->getQueryBuilder() /home/ubuntu/workspace/symfony_project/src/Blog/ModelBundle/Repository/PostRepository.php:18
[13-Feb-2017 19:30:25 UTC] PHP Fatal error:  Call to undefined method Doctrine\ORM\EntityManager::getRepasitory() in /home/ubuntu/workspace/symfony_project/src/Blog/ModelBundle/Repository/PostRepository.php on line 36
[13-Feb-2017 19:30:25 UTC] PHP Stack trace:
[13-Feb-2017 19:30:25 UTC] PHP   1. {main}() /home/ubuntu/workspace/symfony_project/web/app_dev.php:0
[13-Feb-2017 19:30:25 UTC] PHP   2. Symfony\Component\HttpKernel\Kernel->handle() /home/ubuntu/workspace/symfony_project/web/app_dev.php:28
[13-Feb-2017 19:30:25 UTC] PHP   3. Symfony\Component\HttpKernel\HttpKernel->handle() /home/ubuntu/workspace/symfony_project/vendor/symfony/symfony/src/Symfony/Component/HttpKernel/Kernel.php:168
[13-Feb-2017 19:30:25 UTC] PHP   4. Symfony\Component\HttpKernel\HttpKernel->handleRaw() /home/ubuntu/workspace/symfony_project/var/cache/dev/classes.php:4171
[13-Feb-2017 19:30:25 UTC] PHP   5. call_user_func_array:{/home/ubuntu/workspace/symfony_project/var/cache/dev/classes.php:4216}() /home/ubuntu/workspace/symfony_project/var/cache/dev/classes.php:4216
[13-Feb-2017 19:30:25 UTC] PHP   6. Blog\CoreBundle\Controller\PostController->indexAction() /home/ubuntu/workspace/symfony_project/var/cache/dev/classes.php:4216
[13-Feb-2017 19:30:25 UTC] PHP   7. Blog\ModelBundle\Repository\PostRepository->getLatest() /home/ubuntu/workspace/symfony_project/src/Blog/CoreBundle/Controller/PostController.php:21
[13-Feb-2017 19:30:25 UTC] PHP   8. Blog\ModelBundle\Repository\PostRepository->getQueryBuilder() /home/ubuntu/workspace/symfony_project/src/Blog/ModelBundle/Repository/PostRepository.php:18
[13-Feb-2017 19:30:42 UTC] PHP Fatal error:  Call to undefined method Doctrine\ORM\EntityManager::getRepasitory() in /home/ubuntu/workspace/symfony_project/src/Blog/ModelBundle/Repository/PostRepository.php on line 36
[13-Feb-2017 19:30:42 UTC] PHP Stack trace:
[13-Feb-2017 19:30:42 UTC] PHP   1. {main}() /home/ubuntu/workspace/symfony_project/web/app_dev.php:0
[13-Feb-2017 19:30:42 UTC] PHP   2. Symfony\Component\HttpKernel\Kernel->handle() /home/ubuntu/workspace/symfony_project/web/app_dev.php:28
[13-Feb-2017 19:30:42 UTC] PHP   3. Symfony\Component\HttpKernel\HttpKernel->handle() /home/ubuntu/workspace/symfony_project/vendor/symfony/symfony/src/Symfony/Component/HttpKernel/Kernel.php:168
[13-Feb-2017 19:30:42 UTC] PHP   4. Symfony\Component\HttpKernel\HttpKernel->handleRaw() /home/ubuntu/workspace/symfony_project/var/cache/dev/classes.php:4171
[13-Feb-2017 19:30:42 UTC] PHP   5. call_user_func_array:{/home/ubuntu/workspace/symfony_project/var/cache/dev/classes.php:4216}() /home/ubuntu/workspace/symfony_project/var/cache/dev/classes.php:4216
[13-Feb-2017 19:30:42 UTC] PHP   6. Blog\CoreBundle\Controller\PostController->indexAction() /home/ubuntu/workspace/symfony_project/var/cache/dev/classes.php:4216
[13-Feb-2017 19:30:42 UTC] PHP   7. Blog\ModelBundle\Repository\PostRepository->getLatest() /home/ubuntu/workspace/symfony_project/src/Blog/CoreBundle/Controller/PostController.php:21
[13-Feb-2017 19:30:42 UTC] PHP   8. Blog\ModelBundle\Repository\PostRepository->getQueryBuilder() /home/ubuntu/workspace/symfony_project/src/Blog/ModelBundle/Repository/PostRepository.php:18
[13-Feb-2017 19:31:03 UTC] PHP Fatal error:  Call to undefined method Doctrine\ORM\EntityManager::getRepasitory() in /home/ubuntu/workspace/symfony_project/src/Blog/ModelBundle/Repository/PostRepository.php on line 36
[13-Feb-2017 19:31:03 UTC] PHP Stack trace:
[13-Feb-2017 19:31:03 UTC] PHP   1. {main}() /home/ubuntu/workspace/symfony_project/web/app_dev.php:0
[13-Feb-2017 19:31:03 UTC] PHP   2. Symfony\Component\HttpKernel\Kernel->handle() /home/ubuntu/workspace/symfony_project/web/app_dev.php:28
[13-Feb-2017 19:31:03 UTC] PHP   3. Symfony\Component\HttpKernel\HttpKernel->handle() /home/ubuntu/workspace/symfony_project/vendor/symfony/symfony/src/Symfony/Component/HttpKernel/Kernel.php:168
[13-Feb-2017 19:31:03 UTC] PHP   4. Symfony\Component\HttpKernel\HttpKernel->handleRaw() /home/ubuntu/workspace/symfony_project/var/cache/dev/classes.php:4171
[13-Feb-2017 19:31:03 UTC] PHP   5. call_user_func_array:{/home/ubuntu/workspace/symfony_project/var/cache/dev/classes.php:4216}() /home/ubuntu/workspace/symfony_project/var/cache/dev/classes.php:4216
[13-Feb-2017 19:31:03 UTC] PHP   6. Blog\CoreBundle\Controller\PostController->indexAction() /home/ubuntu/workspace/symfony_project/var/cache/dev/classes.php:4216
[13-Feb-2017 19:31:03 UTC] PHP   7. Blog\ModelBundle\Repository\PostRepository->getLatest() /home/ubuntu/workspace/symfony_project/src/Blog/CoreBundle/Controller/PostController.php:21
[13-Feb-2017 19:31:03 UTC] PHP   8. Blog\ModelBundle\Repository\PostRepository->getQueryBuilder() /home/ubuntu/workspace/symfony_project/src/Blog/ModelBundle/Repository/PostRepository.php:18
[13-Feb-2017 19:31:15 UTC] PHP Fatal error:  Call to undefined method Doctrine\ORM\EntityManager::getRepasitory() in /home/ubuntu/workspace/symfony_project/src/Blog/ModelBundle/Repository/PostRepository.php on line 36
[13-Feb-2017 19:31:15 UTC] PHP Stack trace:
[13-Feb-2017 19:31:15 UTC] PHP   1. {main}() /home/ubuntu/workspace/symfony_project/web/app_dev.php:0
[13-Feb-2017 19:31:15 UTC] PHP   2. Symfony\Component\HttpKernel\Kernel->handle() /home/ubuntu/workspace/symfony_project/web/app_dev.php:28
[13-Feb-2017 19:31:15 UTC] PHP   3. Symfony\Component\HttpKernel\HttpKernel->handle() /home/ubuntu/workspace/symfony_project/vendor/symfony/symfony/src/Symfony/Component/HttpKernel/Kernel.php:168
[13-Feb-2017 19:31:15 UTC] PHP   4. Symfony\Component\HttpKernel\HttpKernel->handleRaw() /home/ubuntu/workspace/symfony_project/var/cache/dev/classes.php:4171
[13-Feb-2017 19:31:15 UTC] PHP   5. call_user_func_array:{/home/ubuntu/workspace/symfony_project/var/cache/dev/classes.php:4216}() /home/ubuntu/workspace/symfony_project/var/cache/dev/classes.php:4216
[13-Feb-2017 19:31:15 UTC] PHP   6. Blog\CoreBundle\Controller\PostController->indexAction() /home/ubuntu/workspace/symfony_project/var/cache/dev/classes.php:4216
[13-Feb-2017 19:31:15 UTC] PHP   7. Blog\ModelBundle\Repository\PostRepository->getLatest() /home/ubuntu/workspace/symfony_project/src/Blog/CoreBundle/Controller/PostController.php:21
[13-Feb-2017 19:31:15 UTC] PHP   8. Blog\ModelBundle\Repository\PostRepository->getQueryBuilder() /home/ubuntu/workspace/symfony_project/src/Blog/ModelBundle/Repository/PostRepository.php:18
[13-Feb-2017 19:31:56 UTC] PHP Fatal error:  Call to undefined method Doctrine\ORM\EntityManager::getRepasitory() in /home/ubuntu/workspace/symfony_project/src/Blog/ModelBundle/Repository/PostRepository.php on line 36
[13-Feb-2017 19:31:56 UTC] PHP Stack trace:
[13-Feb-2017 19:31:56 UTC] PHP   1. {main}() /home/ubuntu/workspace/symfony_project/web/app_dev.php:0
[13-Feb-2017 19:31:56 UTC] PHP   2. Symfony\Component\HttpKernel\Kernel->handle() /home/ubuntu/workspace/symfony_project/web/app_dev.php:28
[13-Feb-2017 19:31:56 UTC] PHP   3. Symfony\Component\HttpKernel\HttpKernel->handle() /home/ubuntu/workspace/symfony_project/vendor/symfony/symfony/src/Symfony/Component/HttpKernel/Kernel.php:168
[13-Feb-2017 19:31:56 UTC] PHP   4. Symfony\Component\HttpKernel\HttpKernel->handleRaw() /home/ubuntu/workspace/symfony_project/var/cache/dev/classes.php:4171
[13-Feb-2017 19:31:56 UTC] PHP   5. call_user_func_array:{/home/ubuntu/workspace/symfony_project/var/cache/dev/classes.php:4216}() /home/ubuntu/workspace/symfony_project/var/cache/dev/classes.php:4216
[13-Feb-2017 19:31:56 UTC] PHP   6. Blog\CoreBundle\Controller\PostController->indexAction() /home/ubuntu/workspace/symfony_project/var/cache/dev/classes.php:4216
[13-Feb-2017 19:31:56 UTC] PHP   7. Blog\ModelBundle\Repository\PostRepository->getLatest() /home/ubuntu/workspace/symfony_project/src/Blog/CoreBundle/Controller/PostController.php:21
[13-Feb-2017 19:31:56 UTC] PHP   8. Blog\ModelBundle\Repository\PostRepository->getQueryBuilder() /home/ubuntu/workspace/symfony_project/src/Blog/ModelBundle/Repository/PostRepository.php:18
[14-Feb-2017 09:33:24 UTC] PHP Fatal error:  Call to undefined function Blog\ModelBundle\Repository\dump() in /home/ubuntu/workspace/symfony_project/src/Blog/ModelBundle/Repository/PostRepository.php on line 34
[14-Feb-2017 09:33:24 UTC] PHP Stack trace:
[14-Feb-2017 09:33:24 UTC] PHP   1. {main}() /home/ubuntu/workspace/symfony_project/web/app.php:0
[14-Feb-2017 09:33:24 UTC] PHP   2. Symfony\Component\HttpKernel\Kernel->handle() /home/ubuntu/workspace/symfony_project/web/app.php:16
[14-Feb-2017 09:33:24 UTC] PHP   3. Symfony\Component\HttpKernel\HttpKernel->handle() /home/ubuntu/workspace/symfony_project/vendor/symfony/symfony/src/Symfony/Component/HttpKernel/Kernel.php:168
[14-Feb-2017 09:33:24 UTC] PHP   4. Symfony\Component\HttpKernel\HttpKernel->handleRaw() /home/ubuntu/workspace/symfony_project/var/cache/prod/classes.php:4599
[14-Feb-2017 09:33:24 UTC] PHP   5. call_user_func_array:{/home/ubuntu/workspace/symfony_project/var/cache/prod/classes.php:4644}() /home/ubuntu/workspace/symfony_project/var/cache/prod/classes.php:4644
[14-Feb-2017 09:33:24 UTC] PHP   6. Blog\CoreBundle\Controller\PostController->indexAction() /home/ubuntu/workspace/symfony_project/var/cache/prod/classes.php:4644
[14-Feb-2017 09:33:24 UTC] PHP   7. Blog\ModelBundle\Repository\PostRepository->getLatest() /home/ubuntu/workspace/symfony_project/src/Blog/CoreBundle/Controller/PostController.php:21
[14-Feb-2017 09:33:24 UTC] PHP   8. Blog\ModelBundle\Repository\PostRepository->getQueryBuilder() /home/ubuntu/workspace/symfony_project/src/Blog/ModelBundle/Repository/PostRepository.php:18
[14-Feb-2017 20:12:11 UTC] PHP Fatal error:  Call to undefined function Blog\ModelBundle\Repository\dump() in /home/ubuntu/workspace/symfony_project/src/Blog/ModelBundle/Repository/PostRepository.php on line 43
[14-Feb-2017 20:12:11 UTC] PHP Stack trace:
[14-Feb-2017 20:12:11 UTC] PHP   1. {main}() /home/ubuntu/workspace/symfony_project/web/app.php:0
[14-Feb-2017 20:12:11 UTC] PHP   2. Symfony\Component\HttpKernel\Kernel->handle() /home/ubuntu/workspace/symfony_project/web/app.php:16
[14-Feb-2017 20:12:11 UTC] PHP   3. Symfony\Component\HttpKernel\HttpKernel->handle() /home/ubuntu/workspace/symfony_project/vendor/symfony/symfony/src/Symfony/Component/HttpKernel/Kernel.php:168
[14-Feb-2017 20:12:11 UTC] PHP   4. Symfony\Component\HttpKernel\HttpKernel->handleRaw() /home/ubuntu/workspace/symfony_project/var/cache/prod/classes.php:4606
[14-Feb-2017 20:12:11 UTC] PHP   5. call_user_func_array:{/home/ubuntu/workspace/symfony_project/var/cache/prod/classes.php:4651}() /home/ubuntu/workspace/symfony_project/var/cache/prod/classes.php:4651
[14-Feb-2017 20:12:11 UTC] PHP   6. Blog\CoreBundle\Controller\PostController->indexAction() /home/ubuntu/workspace/symfony_project/var/cache/prod/classes.php:4651
[14-Feb-2017 20:12:11 UTC] PHP   7. Blog\ModelBundle\Repository\PostRepository->getLatest() /home/ubuntu/workspace/symfony_project/src/Blog/CoreBundle/Controller/PostController.php:22
[14-Feb-2017 20:12:11 UTC] PHP   8. Blog\ModelBundle\Repository\PostRepository->getQueryBuilder() /home/ubuntu/workspace/symfony_project/src/Blog/ModelBundle/Repository/PostRepository.php:27
[14-Feb-2017 20:14:05 UTC] PHP Fatal error:  Call to undefined function Blog\ModelBundle\Repository\dump() in /home/ubuntu/workspace/symfony_project/src/Blog/ModelBundle/Repository/PostRepository.php on line 43
[14-Feb-2017 20:14:05 UTC] PHP Stack trace:
[14-Feb-2017 20:14:05 UTC] PHP   1. {main}() /home/ubuntu/workspace/symfony_project/web/app.php:0
[14-Feb-2017 20:14:05 UTC] PHP   2. Symfony\Component\HttpKernel\Kernel->handle() /home/ubuntu/workspace/symfony_project/web/app.php:16
[14-Feb-2017 20:14:05 UTC] PHP   3. Symfony\Component\HttpKernel\HttpKernel->handle() /home/ubuntu/workspace/symfony_project/vendor/symfony/symfony/src/Symfony/Component/HttpKernel/Kernel.php:168
[14-Feb-2017 20:14:05 UTC] PHP   4. Symfony\Component\HttpKernel\HttpKernel->handleRaw() /home/ubuntu/workspace/symfony_project/var/cache/prod/classes.php:4606
[14-Feb-2017 20:14:05 UTC] PHP   5. call_user_func_array:{/home/ubuntu/workspace/symfony_project/var/cache/prod/classes.php:4651}() /home/ubuntu/workspace/symfony_project/var/cache/prod/classes.php:4651
[14-Feb-2017 20:14:05 UTC] PHP   6. Blog\CoreBundle\Controller\PostController->indexAction() /home/ubuntu/workspace/symfony_project/var/cache/prod/classes.php:4651
[14-Feb-2017 20:14:05 UTC] PHP   7. Blog\ModelBundle\Repository\PostRepository->getLatest() /home/ubuntu/workspace/symfony_project/src/Blog/CoreBundle/Controller/PostController.php:22
[14-Feb-2017 20:14:05 UTC] PHP   8. Blog\ModelBundle\Repository\PostRepository->getQueryBuilder() /home/ubuntu/workspace/symfony_project/src/Blog/ModelBundle/Repository/PostRepository.php:27
[14-Feb-2017 20:14:47 UTC] PHP Fatal error:  Call to undefined function Blog\ModelBundle\Repository\dump() in /home/ubuntu/workspace/symfony_project/src/Blog/ModelBundle/Repository/PostRepository.php on line 43
[14-Feb-2017 20:14:47 UTC] PHP Stack trace:
[14-Feb-2017 20:14:47 UTC] PHP   1. {main}() /home/ubuntu/workspace/symfony_project/web/app.php:0
[14-Feb-2017 20:14:47 UTC] PHP   2. Symfony\Component\HttpKernel\Kernel->handle() /home/ubuntu/workspace/symfony_project/web/app.php:16
[14-Feb-2017 20:14:47 UTC] PHP   3. Symfony\Component\HttpKernel\HttpKernel->handle() /home/ubuntu/workspace/symfony_project/vendor/symfony/symfony/src/Symfony/Component/HttpKernel/Kernel.php:168
[14-Feb-2017 20:14:47 UTC] PHP   4. Symfony\Component\HttpKernel\HttpKernel->handleRaw() /home/ubuntu/workspace/symfony_project/var/cache/prod/classes.php:4606
[14-Feb-2017 20:14:47 UTC] PHP   5. call_user_func_array:{/home/ubuntu/workspace/symfony_project/var/cache/prod/classes.php:4651}() /home/ubuntu/workspace/symfony_project/var/cache/prod/classes.php:4651
[14-Feb-2017 20:14:47 UTC] PHP   6. Blog\CoreBundle\Controller\PostController->indexAction() /home/ubuntu/workspace/symfony_project/var/cache/prod/classes.php:4651
[14-Feb-2017 20:14:47 UTC] PHP   7. Blog\ModelBundle\Repository\PostRepository->getLatest() /home/ubuntu/workspace/symfony_project/src/Blog/CoreBundle/Controller/PostController.php:22
[14-Feb-2017 20:14:47 UTC] PHP   8. Blog\ModelBundle\Repository\PostRepository->getQueryBuilder() /home/ubuntu/workspace/symfony_project/src/Blog/ModelBundle/Repository/PostRepository.php:27
[14-Feb-2017 20:17:08 UTC] PHP Fatal error:  Call to undefined function Blog\ModelBundle\Repository\dump() in /home/ubuntu/workspace/symfony_project/src/Blog/ModelBundle/Repository/PostRepository.php on line 43
[14-Feb-2017 20:17:08 UTC] PHP Stack trace:
[14-Feb-2017 20:17:08 UTC] PHP   1. {main}() /home/ubuntu/workspace/symfony_project/web/app.php:0
[14-Feb-2017 20:17:08 UTC] PHP   2. Symfony\Component\HttpKernel\Kernel->handle() /home/ubuntu/workspace/symfony_project/web/app.php:16
[14-Feb-2017 20:17:08 UTC] PHP   3. Symfony\Component\HttpKernel\HttpKernel->handle() /home/ubuntu/workspace/symfony_project/vendor/symfony/symfony/src/Symfony/Component/HttpKernel/Kernel.php:168
[14-Feb-2017 20:17:08 UTC] PHP   4. Symfony\Component\HttpKernel\HttpKernel->handleRaw() /home/ubuntu/workspace/symfony_project/var/cache/prod/classes.php:4606
[14-Feb-2017 20:17:08 UTC] PHP   5. call_user_func_array:{/home/ubuntu/workspace/symfony_project/var/cache/prod/classes.php:4651}() /home/ubuntu/workspace/symfony_project/var/cache/prod/classes.php:4651
[14-Feb-2017 20:17:08 UTC] PHP   6. Blog\CoreBundle\Controller\PostController->indexAction() /home/ubuntu/workspace/symfony_project/var/cache/prod/classes.php:4651
[14-Feb-2017 20:17:08 UTC] PHP   7. Blog\ModelBundle\Repository\PostRepository->getLatest() /home/ubuntu/workspace/symfony_project/src/Blog/CoreBundle/Controller/PostController.php:22
[14-Feb-2017 20:17:08 UTC] PHP   8. Blog\ModelBundle\Repository\PostRepository->getQueryBuilder() /home/ubuntu/workspace/symfony_project/src/Blog/ModelBundle/Repository/PostRepository.php:27
[14-Feb-2017 20:22:36 UTC] PHP Fatal error:  Call to undefined function Blog\ModelBundle\Repository\dump() in /home/ubuntu/workspace/symfony_project/src/Blog/ModelBundle/Repository/PostRepository.php on line 43
[14-Feb-2017 20:22:36 UTC] PHP Stack trace:
[14-Feb-2017 20:22:36 UTC] PHP   1. {main}() /home/ubuntu/workspace/symfony_project/web/app.php:0
[14-Feb-2017 20:22:36 UTC] PHP   2. Symfony\Component\HttpKernel\Kernel->handle() /home/ubuntu/workspace/symfony_project/web/app.php:16
[14-Feb-2017 20:22:36 UTC] PHP   3. Symfony\Component\HttpKernel\HttpKernel->handle() /home/ubuntu/workspace/symfony_project/vendor/symfony/symfony/src/Symfony/Component/HttpKernel/Kernel.php:168
[14-Feb-2017 20:22:36 UTC] PHP   4. Symfony\Component\HttpKernel\HttpKernel->handleRaw() /home/ubuntu/workspace/symfony_project/var/cache/prod/classes.php:4606
[14-Feb-2017 20:22:36 UTC] PHP   5. call_user_func_array:{/home/ubuntu/workspace/symfony_project/var/cache/prod/classes.php:4651}() /home/ubuntu/workspace/symfony_project/var/cache/prod/classes.php:4651
[14-Feb-2017 20:22:36 UTC] PHP   6. Blog\CoreBundle\Controller\PostController->indexAction() /home/ubuntu/workspace/symfony_project/var/cache/prod/classes.php:4651
[14-Feb-2017 20:22:36 UTC] PHP   7. Blog\ModelBundle\Repository\PostRepository->getLatest() /home/ubuntu/workspace/symfony_project/src/Blog/CoreBundle/Controller/PostController.php:22
[14-Feb-2017 20:22:36 UTC] PHP   8. Blog\ModelBundle\Repository\PostRepository->getQueryBuilder() /home/ubuntu/workspace/symfony_project/src/Blog/ModelBundle/Repository/PostRepository.php:27
